<?xml version="1.0" encoding="UTF-8"?>
<!-- Generated by org.testng.reporters.JUnitReportReporter -->
<testsuite hostname="MacBook-Pro-cua-Nguyen.local" failures="0" tests="2" name="com.nopcommerce.cookie.Level_22_Login" time="31.501" errors="0" timestamp="19 Jun 2024 09:53:23 GMT" skipped="0">
  <testcase classname="com.nopcommerce.cookie.Level_22_Login" name="TC_01_Login_Success" time="20.599"/>
  <testcase classname="com.nopcommerce.cookie.Level_22_Login" name="TC_01_Login_Success" time="10.902"/>
</testsuite> <!-- com.nopcommerce.cookie.Level_22_Login -->
