<?xml version="1.0" encoding="UTF-8"?>
<!-- Generated by org.testng.reporters.JUnitReportReporter -->
<testsuite hostname="Nguyens-MacBook-Pro.local" failures="0" tests="4" name="com.nopcommerce.account.Level_31_Environment_Java_Properties" time="0.042" errors="1" timestamp="09 Oct 2024 10:08:30 GMT" skipped="3">
  <testcase classname="com.nopcommerce.account.Level_31_Environment_Java_Properties" name="deleteFileInReport" time="0.042">
    <error type="java.lang.NullPointerException">
      <![CDATA[java.lang.NullPointerException
at com.browserstack.utils.LogReportingAPI.print(Unknown Source)
at commons.BaseTest.deleteAllFileInFolder(BaseTest.java:264)
at commons.BaseTest.deleteFileInReport(BaseTest.java:245)
at java.base/jdk.internal.reflect.NativeMethodAccessorImpl.invoke0(Native Method)
at java.base/jdk.internal.reflect.NativeMethodAccessorImpl.invoke(NativeMethodAccessorImpl.java:62)
at java.base/jdk.internal.reflect.DelegatingMethodAccessorImpl.invoke(DelegatingMethodAccessorImpl.java:43)
at java.base/java.lang.reflect.Method.invoke(Method.java:566)
at org.testng.internal.MethodInvocationHelper.invokeMethod(MethodInvocationHelper.java:124)
at org.testng.internal.MethodInvocationHelper.invokeMethodConsideringTimeout(MethodInvocationHelper.java:59)
at org.testng.internal.Invoker.invokeConfigurationMethod(Invoker.java:458)
at org.testng.internal.Invoker.invokeConfigurations(Invoker.java:222)
at org.testng.internal.Invoker.invokeConfigurations(Invoker.java:142)
at org.testng.SuiteRunner.privateRun(SuiteRunner.java:401)
at org.testng.SuiteRunner.run(SuiteRunner.java:364)
at org.testng.SuiteRunnerWorker.runSuite(SuiteRunnerWorker.java:52)
at org.testng.SuiteRunnerWorker.run(SuiteRunnerWorker.java:84)
at org.testng.TestNG.runSuitesSequentially(TestNG.java:1208)
at org.testng.TestNG.runSuitesLocally(TestNG.java:1137)
at org.testng.TestNG.runSuites(TestNG.java:1049)
at org.testng.TestNG.run(TestNG.java:1017)
at org.apache.maven.surefire.testng.TestNGExecutor.run(TestNGExecutor.java:308)
at org.apache.maven.surefire.testng.TestNGXmlTestSuite.execute(TestNGXmlTestSuite.java:71)
at org.apache.maven.surefire.testng.TestNGProvider.invoke(TestNGProvider.java:113)
at org.apache.maven.surefire.booter.ForkedBooter.runSuitesInProcess(ForkedBooter.java:385)
at org.apache.maven.surefire.booter.ForkedBooter.execute(ForkedBooter.java:162)
at org.apache.maven.surefire.booter.ForkedBooter.run(ForkedBooter.java:507)
at org.apache.maven.surefire.booter.ForkedBooter.main(ForkedBooter.java:495)
]]>
    </error>
  </testcase> <!-- deleteFileInReport -->
  <testcase classname="com.nopcommerce.account.Level_31_Environment_Java_Properties" name="Search_01_shouldBeSearchByEmptyData" time="0.000">
    <skipped/>
  </testcase> <!-- Search_01_shouldBeSearchByEmptyData -->
  <testcase classname="com.nopcommerce.account.Level_31_Environment_Java_Properties" name="Search_01_shouldBeSearchByEmptyData" time="0.000">
    <skipped/>
  </testcase> <!-- Search_01_shouldBeSearchByEmptyData -->
  <testcase classname="com.nopcommerce.account.Level_31_Environment_Java_Properties" name="Search_01_shouldBeSearchByEmptyData" time="0.000">
    <skipped/>
  </testcase> <!-- Search_01_shouldBeSearchByEmptyData -->
</testsuite> <!-- com.nopcommerce.account.Level_31_Environment_Java_Properties -->
